build/app/intermediates/manifest_merge_blame_file/release/manifest-merger-blame-release-report.txt
1<?xml version="1.0" encoding="utf-8"?>
2<manifest xmlns:android="http://schemas.android.com/apk/res/android"
3    package="com.example.words"
4    android:versionCode="1"
5    android:versionName="1.0.0" >
6
7    <uses-sdk
8        android:minSdkVersion="19"
8-->src\main\AndroidManifest.xml
9        android:targetSdkVersion="33" />
9-->src\main\AndroidManifest.xml
10    <!-- Add permissions for external storage -->
11    <uses-permission android:name="android.permission.WRITE_EXTERNAL_STORAGE" />
11-->src\main\AndroidManifest.xml:3:5-81
11-->src\main\AndroidManifest.xml:3:22-78
12    <uses-permission android:name="android.permission.READ_EXTERNAL_STORAGE" />
12-->src\main\AndroidManifest.xml:4:5-80
12-->src\main\AndroidManifest.xml:4:22-77
13
14    <permission
14-->[androidx.core:core:1.10.1] AndroidManifest.xml:22:5-24:47
15        android:name="com.example.words.DYNAMIC_RECEIVER_NOT_EXPORTED_PERMISSION"
15-->[androidx.core:core:1.10.1] AndroidManifest.xml:23:9-81
16        android:protectionLevel="signature" />
16-->[androidx.core:core:1.10.1] AndroidManifest.xml:24:9-44
17
18    <uses-permission android:name="com.example.words.DYNAMIC_RECEIVER_NOT_EXPORTED_PERMISSION" />
18-->[androidx.core:core:1.10.1] AndroidManifest.xml:26:5-97
18-->[androidx.core:core:1.10.1] AndroidManifest.xml:26:22-94
19
20    <application
21        android:name="android.app.Application"
21-->src\main\AndroidManifest.xml:8:9-42
22        android:allowBackup="true"
22-->src\main\AndroidManifest.xml:10:9-35
23        android:appComponentFactory="androidx.core.app.CoreComponentFactory"
23-->[androidx.core:core:1.10.1] AndroidManifest.xml:28:18-86
24        android:dataExtractionRules="@xml/data_extraction_rules"
24-->src\main\AndroidManifest.xml:11:9-65
25        android:fullBackupContent="@xml/backup_rules"
25-->src\main\AndroidManifest.xml:12:9-54
26        android:icon="@mipmap/ic_launcher"
26-->src\main\AndroidManifest.xml:9:9-43
27        android:label="words" >
27-->src\main\AndroidManifest.xml:7:9-30
28        <activity
28-->src\main\AndroidManifest.xml:13:9-33:20
29            android:name="com.example.words.MainActivity"
29-->src\main\AndroidManifest.xml:14:13-41
30            android:configChanges="orientation|keyboardHidden|keyboard|screenSize|smallestScreenSize|locale|layoutDirection|fontScale|screenLayout|density|uiMode"
30-->src\main\AndroidManifest.xml:18:13-163
31            android:exported="true"
31-->src\main\AndroidManifest.xml:15:13-36
32            android:hardwareAccelerated="true"
32-->src\main\AndroidManifest.xml:19:13-47
33            android:launchMode="singleTop"
33-->src\main\AndroidManifest.xml:16:13-43
34            android:theme="@style/LaunchTheme"
34-->src\main\AndroidManifest.xml:17:13-47
35            android:windowSoftInputMode="adjustResize" >
35-->src\main\AndroidManifest.xml:20:13-55
36
37            <!--
38                 Specifies an Android theme to apply to this Activity as soon as
39                 the Android process has started. This theme is visible to the user
40                 while the Flutter UI initializes. After that, this theme continues
41                 to determine the Window background behind the Flutter UI.
42            -->
43            <meta-data
43-->src\main\AndroidManifest.xml:25:13-28:17
44                android:name="io.flutter.embedding.android.NormalTheme"
44-->src\main\AndroidManifest.xml:26:15-70
45                android:resource="@style/NormalTheme" />
45-->src\main\AndroidManifest.xml:27:15-52
46
47            <intent-filter>
47-->src\main\AndroidManifest.xml:29:13-32:29
48                <action android:name="android.intent.action.MAIN" />
48-->src\main\AndroidManifest.xml:30:17-68
48-->src\main\AndroidManifest.xml:30:25-66
49
50                <category android:name="android.intent.category.LAUNCHER" />
50-->src\main\AndroidManifest.xml:31:17-76
50-->src\main\AndroidManifest.xml:31:27-74
51            </intent-filter>
52        </activity>
53        <!--
54             Don't delete the meta-data below.
55             This is used by the Flutter tool to generate GeneratedPluginRegistrant.java
56        -->
57        <meta-data
57-->src\main\AndroidManifest.xml:36:9-38:33
58            android:name="flutterEmbedding"
58-->src\main\AndroidManifest.xml:37:13-44
59            android:value="2" />
59-->src\main\AndroidManifest.xml:38:13-30
60
61        <provider
61-->[:image_picker_android] AndroidManifest.xml:10:9-18:20
62            android:name="io.flutter.plugins.imagepicker.ImagePickerFileProvider"
62-->[:image_picker_android] AndroidManifest.xml:11:13-82
63            android:authorities="com.example.words.flutter.image_provider"
63-->[:image_picker_android] AndroidManifest.xml:12:13-74
64            android:exported="false"
64-->[:image_picker_android] AndroidManifest.xml:13:13-37
65            android:grantUriPermissions="true" >
65-->[:image_picker_android] AndroidManifest.xml:14:13-47
66            <meta-data
66-->[:image_picker_android] AndroidManifest.xml:15:13-17:75
67                android:name="android.support.FILE_PROVIDER_PATHS"
67-->[:image_picker_android] AndroidManifest.xml:16:17-67
68                android:resource="@xml/flutter_image_picker_file_paths" />
68-->[:image_picker_android] AndroidManifest.xml:17:17-72
69        </provider>
70
71        <uses-library
71-->[androidx.window:window:1.0.0-beta04] AndroidManifest.xml:25:9-27:40
72            android:name="androidx.window.extensions"
72-->[androidx.window:window:1.0.0-beta04] AndroidManifest.xml:26:13-54
73            android:required="false" />
73-->[androidx.window:window:1.0.0-beta04] AndroidManifest.xml:27:13-37
74        <uses-library
74-->[androidx.window:window:1.0.0-beta04] AndroidManifest.xml:28:9-30:40
75            android:name="androidx.window.sidecar"
75-->[androidx.window:window:1.0.0-beta04] AndroidManifest.xml:29:13-51
76            android:required="false" />
76-->[androidx.window:window:1.0.0-beta04] AndroidManifest.xml:30:13-37
77
78        <provider
78-->[androidx.profileinstaller:profileinstaller:1.3.0] AndroidManifest.xml:24:9-32:20
79            android:name="androidx.startup.InitializationProvider"
79-->[androidx.profileinstaller:profileinstaller:1.3.0] AndroidManifest.xml:25:13-67
80            android:authorities="com.example.words.androidx-startup"
80-->[androidx.profileinstaller:profileinstaller:1.3.0] AndroidManifest.xml:26:13-68
81            android:exported="false" >
81-->[androidx.profileinstaller:profileinstaller:1.3.0] AndroidManifest.xml:27:13-37
82            <meta-data
82-->[androidx.profileinstaller:profileinstaller:1.3.0] AndroidManifest.xml:29:13-31:52
83                android:name="androidx.profileinstaller.ProfileInstallerInitializer"
83-->[androidx.profileinstaller:profileinstaller:1.3.0] AndroidManifest.xml:30:17-85
84                android:value="androidx.startup" />
84-->[androidx.profileinstaller:profileinstaller:1.3.0] AndroidManifest.xml:31:17-49
85        </provider>
86
87        <receiver
87-->[androidx.profileinstaller:profileinstaller:1.3.0] AndroidManifest.xml:34:9-52:20
88            android:name="androidx.profileinstaller.ProfileInstallReceiver"
88-->[androidx.profileinstaller:profileinstaller:1.3.0] AndroidManifest.xml:35:13-76
89            android:directBootAware="false"
89-->[androidx.profileinstaller:profileinstaller:1.3.0] AndroidManifest.xml:36:13-44
90            android:enabled="true"
90-->[androidx.profileinstaller:profileinstaller:1.3.0] AndroidManifest.xml:37:13-35
91            android:exported="true"
91-->[androidx.profileinstaller:profileinstaller:1.3.0] AndroidManifest.xml:38:13-36
92            android:permission="android.permission.DUMP" >
92-->[androidx.profileinstaller:profileinstaller:1.3.0] AndroidManifest.xml:39:13-57
93            <intent-filter>
93-->[androidx.profileinstaller:profileinstaller:1.3.0] AndroidManifest.xml:40:13-42:29
94                <action android:name="androidx.profileinstaller.action.INSTALL_PROFILE" />
94-->[androidx.profileinstaller:profileinstaller:1.3.0] AndroidManifest.xml:41:17-91
94-->[androidx.profileinstaller:profileinstaller:1.3.0] AndroidManifest.xml:41:25-88
95            </intent-filter>
96            <intent-filter>
96-->[androidx.profileinstaller:profileinstaller:1.3.0] AndroidManifest.xml:43:13-45:29
97                <action android:name="androidx.profileinstaller.action.SKIP_FILE" />
97-->[androidx.profileinstaller:profileinstaller:1.3.0] AndroidManifest.xml:44:17-85
97-->[androidx.profileinstaller:profileinstaller:1.3.0] AndroidManifest.xml:44:25-82
98            </intent-filter>
99            <intent-filter>
99-->[androidx.profileinstaller:profileinstaller:1.3.0] AndroidManifest.xml:46:13-48:29
100                <action android:name="androidx.profileinstaller.action.SAVE_PROFILE" />
100-->[androidx.profileinstaller:profileinstaller:1.3.0] AndroidManifest.xml:47:17-88
100-->[androidx.profileinstaller:profileinstaller:1.3.0] AndroidManifest.xml:47:25-85
101            </intent-filter>
102            <intent-filter>
102-->[androidx.profileinstaller:profileinstaller:1.3.0] AndroidManifest.xml:49:13-51:29
103                <action android:name="androidx.profileinstaller.action.BENCHMARK_OPERATION" />
103-->[androidx.profileinstaller:profileinstaller:1.3.0] AndroidManifest.xml:50:17-95
103-->[androidx.profileinstaller:profileinstaller:1.3.0] AndroidManifest.xml:50:25-92
104            </intent-filter>
105        </receiver>
106    </application>
107
108</manifest>